The system is: Linux - 4.9.6-gentoo-r1 - x86_64
Compiling the C compiler identification source file "CMakeCCompilerId.c" succeeded.
Compiler: /usr/bin/cc 
Build flags: 
Id flags: 

The output was:
0


Compilation of the C compiler identification source "CMakeCCompilerId.c" produced "a.out"

The C compiler identification is GNU, found in "/root/dev/freeDiameter/fDbuild/CMakeFiles/3.7.2/CompilerIdC/a.out"

Compiling the CXX compiler identification source file "CMakeCXXCompilerId.cpp" succeeded.
Compiler: /usr/bin/c++ 
Build flags: 
Id flags: 

The output was:
0


Compilation of the CXX compiler identification source "CMakeCXXCompilerId.cpp" produced "a.out"

The CXX compiler identification is GNU, found in "/root/dev/freeDiameter/fDbuild/CMakeFiles/3.7.2/CompilerIdCXX/a.out"

Determining if the C compiler works passed with the following output:
Change Dir: /root/dev/freeDiameter/fDbuild/CMakeFiles/CMakeTmp

Run Build Command:"/usr/bin/gmake" "cmTC_c8e53/fast"
/usr/bin/gmake -f CMakeFiles/cmTC_c8e53.dir/build.make CMakeFiles/cmTC_c8e53.dir/build
gmake[1]: Entering directory '/root/dev/freeDiameter/fDbuild/CMakeFiles/CMakeTmp'
Building C object CMakeFiles/cmTC_c8e53.dir/testCCompiler.c.o
/usr/bin/cc     -o CMakeFiles/cmTC_c8e53.dir/testCCompiler.c.o   -c /root/dev/freeDiameter/fDbuild/CMakeFiles/CMakeTmp/testCCompiler.c
Linking C executable cmTC_c8e53
/usr/bin/cmake -E cmake_link_script CMakeFiles/cmTC_c8e53.dir/link.txt --verbose=1
/usr/bin/cc       CMakeFiles/cmTC_c8e53.dir/testCCompiler.c.o  -o cmTC_c8e53 -rdynamic 
gmake[1]: Leaving directory '/root/dev/freeDiameter/fDbuild/CMakeFiles/CMakeTmp'


Detecting C compiler ABI info compiled with the following output:
Change Dir: /root/dev/freeDiameter/fDbuild/CMakeFiles/CMakeTmp

Run Build Command:"/usr/bin/gmake" "cmTC_00c04/fast"
/usr/bin/gmake -f CMakeFiles/cmTC_00c04.dir/build.make CMakeFiles/cmTC_00c04.dir/build
gmake[1]: Entering directory '/root/dev/freeDiameter/fDbuild/CMakeFiles/CMakeTmp'
Building C object CMakeFiles/cmTC_00c04.dir/CMakeCCompilerABI.c.o
/usr/bin/cc     -o CMakeFiles/cmTC_00c04.dir/CMakeCCompilerABI.c.o   -c /usr/share/cmake/Modules/CMakeCCompilerABI.c
Linking C executable cmTC_00c04
/usr/bin/cmake -E cmake_link_script CMakeFiles/cmTC_00c04.dir/link.txt --verbose=1
/usr/bin/cc      -v CMakeFiles/cmTC_00c04.dir/CMakeCCompilerABI.c.o  -o cmTC_00c04 -rdynamic  
Using built-in specs.
COLLECT_GCC=/usr/x86_64-pc-linux-gnu/gcc-bin/4.9.4/gcc
COLLECT_LTO_WRAPPER=/usr/libexec/gcc/x86_64-pc-linux-gnu/4.9.4/lto-wrapper
Target: x86_64-pc-linux-gnu
Configured with: /var/tmp/portage/sys-devel/gcc-4.9.4/work/gcc-4.9.4/configure --host=x86_64-pc-linux-gnu --build=x86_64-pc-linux-gnu --prefix=/usr --bindir=/usr/x86_64-pc-linux-gnu/gcc-bin/4.9.4 --includedir=/usr/lib/gcc/x86_64-pc-linux-gnu/4.9.4/include --datadir=/usr/share/gcc-data/x86_64-pc-linux-gnu/4.9.4 --mandir=/usr/share/gcc-data/x86_64-pc-linux-gnu/4.9.4/man --infodir=/usr/share/gcc-data/x86_64-pc-linux-gnu/4.9.4/info --with-gxx-include-dir=/usr/lib/gcc/x86_64-pc-linux-gnu/4.9.4/include/g++-v4 --with-python-dir=/share/gcc-data/x86_64-pc-linux-gnu/4.9.4/python --enable-languages=c,c++,fortran --enable-obsolete --enable-secureplt --disable-werror --with-system-zlib --enable-nls --without-included-gettext --enable-checking=release --with-bugurl=https://bugs.gentoo.org/ --with-pkgversion='Gentoo 4.9.4 p1.0, pie-0.6.4' --enable-libstdcxx-time --enable-shared --enable-threads=posix --enable-__cxa_atexit --enable-clocale=gnu --enable-multilib --with-multilib-list=m32,m64 --disable-altivec --disable-fixed-point --enable-targets=all --disable-libgcj --enable-libgomp --disable-libmudflap --disable-libssp --disable-libcilkrts --enable-vtable-verify --enable-libvtv --enable-lto --without-cloog --enable-libsanitizer
Thread model: posix
gcc version 4.9.4 (Gentoo 4.9.4 p1.0, pie-0.6.4) 
COMPILER_PATH=/usr/libexec/gcc/x86_64-pc-linux-gnu/4.9.4/:/usr/libexec/gcc/x86_64-pc-linux-gnu/4.9.4/:/usr/libexec/gcc/x86_64-pc-linux-gnu/:/usr/lib/gcc/x86_64-pc-linux-gnu/4.9.4/:/usr/lib/gcc/x86_64-pc-linux-gnu/:/usr/lib/gcc/x86_64-pc-linux-gnu/4.9.4/../../../../x86_64-pc-linux-gnu/bin/
LIBRARY_PATH=/usr/lib/gcc/x86_64-pc-linux-gnu/4.9.4/:/usr/lib/gcc/x86_64-pc-linux-gnu/4.9.4/../../../../lib64/:/lib/../lib64/:/usr/lib/../lib64/:/usr/lib/gcc/x86_64-pc-linux-gnu/4.9.4/../../../../x86_64-pc-linux-gnu/lib/:/usr/lib/gcc/x86_64-pc-linux-gnu/4.9.4/../../../:/lib/:/usr/lib/
COLLECT_GCC_OPTIONS='-v' '-o' 'cmTC_00c04' '-rdynamic' '-mtune=generic' '-march=x86-64'
 /usr/libexec/gcc/x86_64-pc-linux-gnu/4.9.4/collect2 -plugin /usr/libexec/gcc/x86_64-pc-linux-gnu/4.9.4/liblto_plugin.so -plugin-opt=/usr/libexec/gcc/x86_64-pc-linux-gnu/4.9.4/lto-wrapper -plugin-opt=-fresolution=/tmp/ccZDJYOW.res -plugin-opt=-pass-through=-lgcc -plugin-opt=-pass-through=-lgcc_s -plugin-opt=-pass-through=-lc -plugin-opt=-pass-through=-lgcc -plugin-opt=-pass-through=-lgcc_s --eh-frame-hdr -m elf_x86_64 -export-dynamic -dynamic-linker /lib64/ld-linux-x86-64.so.2 -o cmTC_00c04 /usr/lib/gcc/x86_64-pc-linux-gnu/4.9.4/../../../../lib64/crt1.o /usr/lib/gcc/x86_64-pc-linux-gnu/4.9.4/../../../../lib64/crti.o /usr/lib/gcc/x86_64-pc-linux-gnu/4.9.4/crtbegin.o -L/usr/lib/gcc/x86_64-pc-linux-gnu/4.9.4 -L/usr/lib/gcc/x86_64-pc-linux-gnu/4.9.4/../../../../lib64 -L/lib/../lib64 -L/usr/lib/../lib64 -L/usr/lib/gcc/x86_64-pc-linux-gnu/4.9.4/../../../../x86_64-pc-linux-gnu/lib -L/usr/lib/gcc/x86_64-pc-linux-gnu/4.9.4/../../.. CMakeFiles/cmTC_00c04.dir/CMakeCCompilerABI.c.o -lgcc --as-needed -lgcc_s --no-as-needed -lc -lgcc --as-needed -lgcc_s --no-as-needed /usr/lib/gcc/x86_64-pc-linux-gnu/4.9.4/crtend.o /usr/lib/gcc/x86_64-pc-linux-gnu/4.9.4/../../../../lib64/crtn.o
gmake[1]: Leaving directory '/root/dev/freeDiameter/fDbuild/CMakeFiles/CMakeTmp'


Parsed C implicit link information from above output:
  link line regex: [^( *|.*[/\])(ld|([^/\]+-)?ld|collect2)[^/\]*( |$)]
  ignore line: [Change Dir: /root/dev/freeDiameter/fDbuild/CMakeFiles/CMakeTmp]
  ignore line: []
  ignore line: [Run Build Command:"/usr/bin/gmake" "cmTC_00c04/fast"]
  ignore line: [/usr/bin/gmake -f CMakeFiles/cmTC_00c04.dir/build.make CMakeFiles/cmTC_00c04.dir/build]
  ignore line: [gmake[1]: Entering directory '/root/dev/freeDiameter/fDbuild/CMakeFiles/CMakeTmp']
  ignore line: [Building C object CMakeFiles/cmTC_00c04.dir/CMakeCCompilerABI.c.o]
  ignore line: [/usr/bin/cc     -o CMakeFiles/cmTC_00c04.dir/CMakeCCompilerABI.c.o   -c /usr/share/cmake/Modules/CMakeCCompilerABI.c]
  ignore line: [Linking C executable cmTC_00c04]
  ignore line: [/usr/bin/cmake -E cmake_link_script CMakeFiles/cmTC_00c04.dir/link.txt --verbose=1]
  ignore line: [/usr/bin/cc      -v CMakeFiles/cmTC_00c04.dir/CMakeCCompilerABI.c.o  -o cmTC_00c04 -rdynamic  ]
  ignore line: [Using built-in specs.]
  ignore line: [COLLECT_GCC=/usr/x86_64-pc-linux-gnu/gcc-bin/4.9.4/gcc]
  ignore line: [COLLECT_LTO_WRAPPER=/usr/libexec/gcc/x86_64-pc-linux-gnu/4.9.4/lto-wrapper]
  ignore line: [Target: x86_64-pc-linux-gnu]
  ignore line: [Configured with: /var/tmp/portage/sys-devel/gcc-4.9.4/work/gcc-4.9.4/configure --host=x86_64-pc-linux-gnu --build=x86_64-pc-linux-gnu --prefix=/usr --bindir=/usr/x86_64-pc-linux-gnu/gcc-bin/4.9.4 --includedir=/usr/lib/gcc/x86_64-pc-linux-gnu/4.9.4/include --datadir=/usr/share/gcc-data/x86_64-pc-linux-gnu/4.9.4 --mandir=/usr/share/gcc-data/x86_64-pc-linux-gnu/4.9.4/man --infodir=/usr/share/gcc-data/x86_64-pc-linux-gnu/4.9.4/info --with-gxx-include-dir=/usr/lib/gcc/x86_64-pc-linux-gnu/4.9.4/include/g++-v4 --with-python-dir=/share/gcc-data/x86_64-pc-linux-gnu/4.9.4/python --enable-languages=c,c++,fortran --enable-obsolete --enable-secureplt --disable-werror --with-system-zlib --enable-nls --without-included-gettext --enable-checking=release --with-bugurl=https://bugs.gentoo.org/ --with-pkgversion='Gentoo 4.9.4 p1.0, pie-0.6.4' --enable-libstdcxx-time --enable-shared --enable-threads=posix --enable-__cxa_atexit --enable-clocale=gnu --enable-multilib --with-multilib-list=m32,m64 --disable-altivec --disable-fixed-point --enable-targets=all --disable-libgcj --enable-libgomp --disable-libmudflap --disable-libssp --disable-libcilkrts --enable-vtable-verify --enable-libvtv --enable-lto --without-cloog --enable-libsanitizer]
  ignore line: [Thread model: posix]
  ignore line: [gcc version 4.9.4 (Gentoo 4.9.4 p1.0, pie-0.6.4) ]
  ignore line: [COMPILER_PATH=/usr/libexec/gcc/x86_64-pc-linux-gnu/4.9.4/:/usr/libexec/gcc/x86_64-pc-linux-gnu/4.9.4/:/usr/libexec/gcc/x86_64-pc-linux-gnu/:/usr/lib/gcc/x86_64-pc-linux-gnu/4.9.4/:/usr/lib/gcc/x86_64-pc-linux-gnu/:/usr/lib/gcc/x86_64-pc-linux-gnu/4.9.4/../../../../x86_64-pc-linux-gnu/bin/]
  ignore line: [LIBRARY_PATH=/usr/lib/gcc/x86_64-pc-linux-gnu/4.9.4/:/usr/lib/gcc/x86_64-pc-linux-gnu/4.9.4/../../../../lib64/:/lib/../lib64/:/usr/lib/../lib64/:/usr/lib/gcc/x86_64-pc-linux-gnu/4.9.4/../../../../x86_64-pc-linux-gnu/lib/:/usr/lib/gcc/x86_64-pc-linux-gnu/4.9.4/../../../:/lib/:/usr/lib/]
  ignore line: [COLLECT_GCC_OPTIONS='-v' '-o' 'cmTC_00c04' '-rdynamic' '-mtune=generic' '-march=x86-64']
  link line: [ /usr/libexec/gcc/x86_64-pc-linux-gnu/4.9.4/collect2 -plugin /usr/libexec/gcc/x86_64-pc-linux-gnu/4.9.4/liblto_plugin.so -plugin-opt=/usr/libexec/gcc/x86_64-pc-linux-gnu/4.9.4/lto-wrapper -plugin-opt=-fresolution=/tmp/ccZDJYOW.res -plugin-opt=-pass-through=-lgcc -plugin-opt=-pass-through=-lgcc_s -plugin-opt=-pass-through=-lc -plugin-opt=-pass-through=-lgcc -plugin-opt=-pass-through=-lgcc_s --eh-frame-hdr -m elf_x86_64 -export-dynamic -dynamic-linker /lib64/ld-linux-x86-64.so.2 -o cmTC_00c04 /usr/lib/gcc/x86_64-pc-linux-gnu/4.9.4/../../../../lib64/crt1.o /usr/lib/gcc/x86_64-pc-linux-gnu/4.9.4/../../../../lib64/crti.o /usr/lib/gcc/x86_64-pc-linux-gnu/4.9.4/crtbegin.o -L/usr/lib/gcc/x86_64-pc-linux-gnu/4.9.4 -L/usr/lib/gcc/x86_64-pc-linux-gnu/4.9.4/../../../../lib64 -L/lib/../lib64 -L/usr/lib/../lib64 -L/usr/lib/gcc/x86_64-pc-linux-gnu/4.9.4/../../../../x86_64-pc-linux-gnu/lib -L/usr/lib/gcc/x86_64-pc-linux-gnu/4.9.4/../../.. CMakeFiles/cmTC_00c04.dir/CMakeCCompilerABI.c.o -lgcc --as-needed -lgcc_s --no-as-needed -lc -lgcc --as-needed -lgcc_s --no-as-needed /usr/lib/gcc/x86_64-pc-linux-gnu/4.9.4/crtend.o /usr/lib/gcc/x86_64-pc-linux-gnu/4.9.4/../../../../lib64/crtn.o]
    arg [/usr/libexec/gcc/x86_64-pc-linux-gnu/4.9.4/collect2] ==> ignore
    arg [-plugin] ==> ignore
    arg [/usr/libexec/gcc/x86_64-pc-linux-gnu/4.9.4/liblto_plugin.so] ==> ignore
    arg [-plugin-opt=/usr/libexec/gcc/x86_64-pc-linux-gnu/4.9.4/lto-wrapper] ==> ignore
    arg [-plugin-opt=-fresolution=/tmp/ccZDJYOW.res] ==> ignore
    arg [-plugin-opt=-pass-through=-lgcc] ==> ignore
    arg [-plugin-opt=-pass-through=-lgcc_s] ==> ignore
    arg [-plugin-opt=-pass-through=-lc] ==> ignore
    arg [-plugin-opt=-pass-through=-lgcc] ==> ignore
    arg [-plugin-opt=-pass-through=-lgcc_s] ==> ignore
    arg [--eh-frame-hdr] ==> ignore
    arg [-m] ==> ignore
    arg [elf_x86_64] ==> ignore
    arg [-export-dynamic] ==> ignore
    arg [-dynamic-linker] ==> ignore
    arg [/lib64/ld-linux-x86-64.so.2] ==> ignore
    arg [-o] ==> ignore
    arg [cmTC_00c04] ==> ignore
    arg [/usr/lib/gcc/x86_64-pc-linux-gnu/4.9.4/../../../../lib64/crt1.o] ==> ignore
    arg [/usr/lib/gcc/x86_64-pc-linux-gnu/4.9.4/../../../../lib64/crti.o] ==> ignore
    arg [/usr/lib/gcc/x86_64-pc-linux-gnu/4.9.4/crtbegin.o] ==> ignore
    arg [-L/usr/lib/gcc/x86_64-pc-linux-gnu/4.9.4] ==> dir [/usr/lib/gcc/x86_64-pc-linux-gnu/4.9.4]
    arg [-L/usr/lib/gcc/x86_64-pc-linux-gnu/4.9.4/../../../../lib64] ==> dir [/usr/lib/gcc/x86_64-pc-linux-gnu/4.9.4/../../../../lib64]
    arg [-L/lib/../lib64] ==> dir [/lib/../lib64]
    arg [-L/usr/lib/../lib64] ==> dir [/usr/lib/../lib64]
    arg [-L/usr/lib/gcc/x86_64-pc-linux-gnu/4.9.4/../../../../x86_64-pc-linux-gnu/lib] ==> dir [/usr/lib/gcc/x86_64-pc-linux-gnu/4.9.4/../../../../x86_64-pc-linux-gnu/lib]
    arg [-L/usr/lib/gcc/x86_64-pc-linux-gnu/4.9.4/../../..] ==> dir [/usr/lib/gcc/x86_64-pc-linux-gnu/4.9.4/../../..]
    arg [CMakeFiles/cmTC_00c04.dir/CMakeCCompilerABI.c.o] ==> ignore
    arg [-lgcc] ==> lib [gcc]
    arg [--as-needed] ==> ignore
    arg [-lgcc_s] ==> lib [gcc_s]
    arg [--no-as-needed] ==> ignore
    arg [-lc] ==> lib [c]
    arg [-lgcc] ==> lib [gcc]
    arg [--as-needed] ==> ignore
    arg [-lgcc_s] ==> lib [gcc_s]
    arg [--no-as-needed] ==> ignore
    arg [/usr/lib/gcc/x86_64-pc-linux-gnu/4.9.4/crtend.o] ==> ignore
    arg [/usr/lib/gcc/x86_64-pc-linux-gnu/4.9.4/../../../../lib64/crtn.o] ==> ignore
  remove lib [gcc]
  remove lib [gcc_s]
  remove lib [gcc]
  remove lib [gcc_s]
  collapse library dir [/usr/lib/gcc/x86_64-pc-linux-gnu/4.9.4] ==> [/usr/lib/gcc/x86_64-pc-linux-gnu/4.9.4]
  collapse library dir [/usr/lib/gcc/x86_64-pc-linux-gnu/4.9.4/../../../../lib64] ==> [/usr/lib64]
  collapse library dir [/lib/../lib64] ==> [/lib64]
  collapse library dir [/usr/lib/../lib64] ==> [/usr/lib64]
  collapse library dir [/usr/lib/gcc/x86_64-pc-linux-gnu/4.9.4/../../../../x86_64-pc-linux-gnu/lib] ==> [/usr/x86_64-pc-linux-gnu/lib]
  collapse library dir [/usr/lib/gcc/x86_64-pc-linux-gnu/4.9.4/../../..] ==> [/usr/lib]
  implicit libs: [c]
  implicit dirs: [/usr/lib/gcc/x86_64-pc-linux-gnu/4.9.4;/usr/lib64;/lib64;/usr/x86_64-pc-linux-gnu/lib;/usr/lib]
  implicit fwks: []




Detecting C [-std=c11] compiler features compiled with the following output:
Change Dir: /root/dev/freeDiameter/fDbuild/CMakeFiles/CMakeTmp

Run Build Command:"/usr/bin/gmake" "cmTC_e5c08/fast"
/usr/bin/gmake -f CMakeFiles/cmTC_e5c08.dir/build.make CMakeFiles/cmTC_e5c08.dir/build
gmake[1]: Entering directory '/root/dev/freeDiameter/fDbuild/CMakeFiles/CMakeTmp'
Building C object CMakeFiles/cmTC_e5c08.dir/feature_tests.c.o
/usr/bin/cc    -std=c11 -o CMakeFiles/cmTC_e5c08.dir/feature_tests.c.o   -c /root/dev/freeDiameter/fDbuild/CMakeFiles/feature_tests.c
Linking C executable cmTC_e5c08
/usr/bin/cmake -E cmake_link_script CMakeFiles/cmTC_e5c08.dir/link.txt --verbose=1
/usr/bin/cc       CMakeFiles/cmTC_e5c08.dir/feature_tests.c.o  -o cmTC_e5c08 -rdynamic 
gmake[1]: Leaving directory '/root/dev/freeDiameter/fDbuild/CMakeFiles/CMakeTmp'


    Feature record: C_FEATURE:1c_function_prototypes
    Feature record: C_FEATURE:1c_restrict
    Feature record: C_FEATURE:1c_static_assert
    Feature record: C_FEATURE:1c_variadic_macros


Detecting C [-std=c99] compiler features compiled with the following output:
Change Dir: /root/dev/freeDiameter/fDbuild/CMakeFiles/CMakeTmp

Run Build Command:"/usr/bin/gmake" "cmTC_b4300/fast"
/usr/bin/gmake -f CMakeFiles/cmTC_b4300.dir/build.make CMakeFiles/cmTC_b4300.dir/build
gmake[1]: Entering directory '/root/dev/freeDiameter/fDbuild/CMakeFiles/CMakeTmp'
Building C object CMakeFiles/cmTC_b4300.dir/feature_tests.c.o
/usr/bin/cc    -std=c99 -o CMakeFiles/cmTC_b4300.dir/feature_tests.c.o   -c /root/dev/freeDiameter/fDbuild/CMakeFiles/feature_tests.c
Linking C executable cmTC_b4300
/usr/bin/cmake -E cmake_link_script CMakeFiles/cmTC_b4300.dir/link.txt --verbose=1
/usr/bin/cc       CMakeFiles/cmTC_b4300.dir/feature_tests.c.o  -o cmTC_b4300 -rdynamic 
gmake[1]: Leaving directory '/root/dev/freeDiameter/fDbuild/CMakeFiles/CMakeTmp'


    Feature record: C_FEATURE:1c_function_prototypes
    Feature record: C_FEATURE:1c_restrict
    Feature record: C_FEATURE:0c_static_assert
    Feature record: C_FEATURE:1c_variadic_macros


Detecting C [-std=c90] compiler features compiled with the following output:
Change Dir: /root/dev/freeDiameter/fDbuild/CMakeFiles/CMakeTmp

Run Build Command:"/usr/bin/gmake" "cmTC_4c7db/fast"
/usr/bin/gmake -f CMakeFiles/cmTC_4c7db.dir/build.make CMakeFiles/cmTC_4c7db.dir/build
gmake[1]: Entering directory '/root/dev/freeDiameter/fDbuild/CMakeFiles/CMakeTmp'
Building C object CMakeFiles/cmTC_4c7db.dir/feature_tests.c.o
/usr/bin/cc    -std=c90 -o CMakeFiles/cmTC_4c7db.dir/feature_tests.c.o   -c /root/dev/freeDiameter/fDbuild/CMakeFiles/feature_tests.c
Linking C executable cmTC_4c7db
/usr/bin/cmake -E cmake_link_script CMakeFiles/cmTC_4c7db.dir/link.txt --verbose=1
/usr/bin/cc       CMakeFiles/cmTC_4c7db.dir/feature_tests.c.o  -o cmTC_4c7db -rdynamic 
gmake[1]: Leaving directory '/root/dev/freeDiameter/fDbuild/CMakeFiles/CMakeTmp'


    Feature record: C_FEATURE:1c_function_prototypes
    Feature record: C_FEATURE:0c_restrict
    Feature record: C_FEATURE:0c_static_assert
    Feature record: C_FEATURE:0c_variadic_macros
Determining if the CXX compiler works passed with the following output:
Change Dir: /root/dev/freeDiameter/fDbuild/CMakeFiles/CMakeTmp

Run Build Command:"/usr/bin/gmake" "cmTC_029b7/fast"
/usr/bin/gmake -f CMakeFiles/cmTC_029b7.dir/build.make CMakeFiles/cmTC_029b7.dir/build
gmake[1]: Entering directory '/root/dev/freeDiameter/fDbuild/CMakeFiles/CMakeTmp'
Building CXX object CMakeFiles/cmTC_029b7.dir/testCXXCompiler.cxx.o
/usr/bin/c++      -o CMakeFiles/cmTC_029b7.dir/testCXXCompiler.cxx.o -c /root/dev/freeDiameter/fDbuild/CMakeFiles/CMakeTmp/testCXXCompiler.cxx
Linking CXX executable cmTC_029b7
/usr/bin/cmake -E cmake_link_script CMakeFiles/cmTC_029b7.dir/link.txt --verbose=1
/usr/bin/c++        CMakeFiles/cmTC_029b7.dir/testCXXCompiler.cxx.o  -o cmTC_029b7 -rdynamic 
gmake[1]: Leaving directory '/root/dev/freeDiameter/fDbuild/CMakeFiles/CMakeTmp'


Detecting CXX compiler ABI info compiled with the following output:
Change Dir: /root/dev/freeDiameter/fDbuild/CMakeFiles/CMakeTmp

Run Build Command:"/usr/bin/gmake" "cmTC_88425/fast"
/usr/bin/gmake -f CMakeFiles/cmTC_88425.dir/build.make CMakeFiles/cmTC_88425.dir/build
gmake[1]: Entering directory '/root/dev/freeDiameter/fDbuild/CMakeFiles/CMakeTmp'
Building CXX object CMakeFiles/cmTC_88425.dir/CMakeCXXCompilerABI.cpp.o
/usr/bin/c++      -o CMakeFiles/cmTC_88425.dir/CMakeCXXCompilerABI.cpp.o -c /usr/share/cmake/Modules/CMakeCXXCompilerABI.cpp
Linking CXX executable cmTC_88425
/usr/bin/cmake -E cmake_link_script CMakeFiles/cmTC_88425.dir/link.txt --verbose=1
/usr/bin/c++       -v CMakeFiles/cmTC_88425.dir/CMakeCXXCompilerABI.cpp.o  -o cmTC_88425 -rdynamic  
Using built-in specs.
COLLECT_GCC=/usr/x86_64-pc-linux-gnu/gcc-bin/4.9.4/c++
COLLECT_LTO_WRAPPER=/usr/libexec/gcc/x86_64-pc-linux-gnu/4.9.4/lto-wrapper
Target: x86_64-pc-linux-gnu
Configured with: /var/tmp/portage/sys-devel/gcc-4.9.4/work/gcc-4.9.4/configure --host=x86_64-pc-linux-gnu --build=x86_64-pc-linux-gnu --prefix=/usr --bindir=/usr/x86_64-pc-linux-gnu/gcc-bin/4.9.4 --includedir=/usr/lib/gcc/x86_64-pc-linux-gnu/4.9.4/include --datadir=/usr/share/gcc-data/x86_64-pc-linux-gnu/4.9.4 --mandir=/usr/share/gcc-data/x86_64-pc-linux-gnu/4.9.4/man --infodir=/usr/share/gcc-data/x86_64-pc-linux-gnu/4.9.4/info --with-gxx-include-dir=/usr/lib/gcc/x86_64-pc-linux-gnu/4.9.4/include/g++-v4 --with-python-dir=/share/gcc-data/x86_64-pc-linux-gnu/4.9.4/python --enable-languages=c,c++,fortran --enable-obsolete --enable-secureplt --disable-werror --with-system-zlib --enable-nls --without-included-gettext --enable-checking=release --with-bugurl=https://bugs.gentoo.org/ --with-pkgversion='Gentoo 4.9.4 p1.0, pie-0.6.4' --enable-libstdcxx-time --enable-shared --enable-threads=posix --enable-__cxa_atexit --enable-clocale=gnu --enable-multilib --with-multilib-list=m32,m64 --disable-altivec --disable-fixed-point --enable-targets=all --disable-libgcj --enable-libgomp --disable-libmudflap --disable-libssp --disable-libcilkrts --enable-vtable-verify --enable-libvtv --enable-lto --without-cloog --enable-libsanitizer
Thread model: posix
gcc version 4.9.4 (Gentoo 4.9.4 p1.0, pie-0.6.4) 
COMPILER_PATH=/usr/libexec/gcc/x86_64-pc-linux-gnu/4.9.4/:/usr/libexec/gcc/x86_64-pc-linux-gnu/4.9.4/:/usr/libexec/gcc/x86_64-pc-linux-gnu/:/usr/lib/gcc/x86_64-pc-linux-gnu/4.9.4/:/usr/lib/gcc/x86_64-pc-linux-gnu/:/usr/lib/gcc/x86_64-pc-linux-gnu/4.9.4/../../../../x86_64-pc-linux-gnu/bin/
LIBRARY_PATH=/usr/lib/gcc/x86_64-pc-linux-gnu/4.9.4/:/usr/lib/gcc/x86_64-pc-linux-gnu/4.9.4/../../../../lib64/:/lib/../lib64/:/usr/lib/../lib64/:/usr/lib/gcc/x86_64-pc-linux-gnu/4.9.4/../../../../x86_64-pc-linux-gnu/lib/:/usr/lib/gcc/x86_64-pc-linux-gnu/4.9.4/../../../:/lib/:/usr/lib/
COLLECT_GCC_OPTIONS='-v' '-o' 'cmTC_88425' '-rdynamic' '-shared-libgcc' '-mtune=generic' '-march=x86-64'
 /usr/libexec/gcc/x86_64-pc-linux-gnu/4.9.4/collect2 -plugin /usr/libexec/gcc/x86_64-pc-linux-gnu/4.9.4/liblto_plugin.so -plugin-opt=/usr/libexec/gcc/x86_64-pc-linux-gnu/4.9.4/lto-wrapper -plugin-opt=-fresolution=/tmp/cc1cOV0b.res -plugin-opt=-pass-through=-lgcc_s -plugin-opt=-pass-through=-lgcc -plugin-opt=-pass-through=-lc -plugin-opt=-pass-through=-lgcc_s -plugin-opt=-pass-through=-lgcc --eh-frame-hdr -m elf_x86_64 -export-dynamic -dynamic-linker /lib64/ld-linux-x86-64.so.2 -o cmTC_88425 /usr/lib/gcc/x86_64-pc-linux-gnu/4.9.4/../../../../lib64/crt1.o /usr/lib/gcc/x86_64-pc-linux-gnu/4.9.4/../../../../lib64/crti.o /usr/lib/gcc/x86_64-pc-linux-gnu/4.9.4/crtbegin.o -L/usr/lib/gcc/x86_64-pc-linux-gnu/4.9.4 -L/usr/lib/gcc/x86_64-pc-linux-gnu/4.9.4/../../../../lib64 -L/lib/../lib64 -L/usr/lib/../lib64 -L/usr/lib/gcc/x86_64-pc-linux-gnu/4.9.4/../../../../x86_64-pc-linux-gnu/lib -L/usr/lib/gcc/x86_64-pc-linux-gnu/4.9.4/../../.. CMakeFiles/cmTC_88425.dir/CMakeCXXCompilerABI.cpp.o -lstdc++ -lm -lgcc_s -lgcc -lc -lgcc_s -lgcc /usr/lib/gcc/x86_64-pc-linux-gnu/4.9.4/crtend.o /usr/lib/gcc/x86_64-pc-linux-gnu/4.9.4/../../../../lib64/crtn.o
gmake[1]: Leaving directory '/root/dev/freeDiameter/fDbuild/CMakeFiles/CMakeTmp'


Parsed CXX implicit link information from above output:
  link line regex: [^( *|.*[/\])(ld|([^/\]+-)?ld|collect2)[^/\]*( |$)]
  ignore line: [Change Dir: /root/dev/freeDiameter/fDbuild/CMakeFiles/CMakeTmp]
  ignore line: []
  ignore line: [Run Build Command:"/usr/bin/gmake" "cmTC_88425/fast"]
  ignore line: [/usr/bin/gmake -f CMakeFiles/cmTC_88425.dir/build.make CMakeFiles/cmTC_88425.dir/build]
  ignore line: [gmake[1]: Entering directory '/root/dev/freeDiameter/fDbuild/CMakeFiles/CMakeTmp']
  ignore line: [Building CXX object CMakeFiles/cmTC_88425.dir/CMakeCXXCompilerABI.cpp.o]
  ignore line: [/usr/bin/c++      -o CMakeFiles/cmTC_88425.dir/CMakeCXXCompilerABI.cpp.o -c /usr/share/cmake/Modules/CMakeCXXCompilerABI.cpp]
  ignore line: [Linking CXX executable cmTC_88425]
  ignore line: [/usr/bin/cmake -E cmake_link_script CMakeFiles/cmTC_88425.dir/link.txt --verbose=1]
  ignore line: [/usr/bin/c++       -v CMakeFiles/cmTC_88425.dir/CMakeCXXCompilerABI.cpp.o  -o cmTC_88425 -rdynamic  ]
  ignore line: [Using built-in specs.]
  ignore line: [COLLECT_GCC=/usr/x86_64-pc-linux-gnu/gcc-bin/4.9.4/c++]
  ignore line: [COLLECT_LTO_WRAPPER=/usr/libexec/gcc/x86_64-pc-linux-gnu/4.9.4/lto-wrapper]
  ignore line: [Target: x86_64-pc-linux-gnu]
  ignore line: [Configured with: /var/tmp/portage/sys-devel/gcc-4.9.4/work/gcc-4.9.4/configure --host=x86_64-pc-linux-gnu --build=x86_64-pc-linux-gnu --prefix=/usr --bindir=/usr/x86_64-pc-linux-gnu/gcc-bin/4.9.4 --includedir=/usr/lib/gcc/x86_64-pc-linux-gnu/4.9.4/include --datadir=/usr/share/gcc-data/x86_64-pc-linux-gnu/4.9.4 --mandir=/usr/share/gcc-data/x86_64-pc-linux-gnu/4.9.4/man --infodir=/usr/share/gcc-data/x86_64-pc-linux-gnu/4.9.4/info --with-gxx-include-dir=/usr/lib/gcc/x86_64-pc-linux-gnu/4.9.4/include/g++-v4 --with-python-dir=/share/gcc-data/x86_64-pc-linux-gnu/4.9.4/python --enable-languages=c,c++,fortran --enable-obsolete --enable-secureplt --disable-werror --with-system-zlib --enable-nls --without-included-gettext --enable-checking=release --with-bugurl=https://bugs.gentoo.org/ --with-pkgversion='Gentoo 4.9.4 p1.0, pie-0.6.4' --enable-libstdcxx-time --enable-shared --enable-threads=posix --enable-__cxa_atexit --enable-clocale=gnu --enable-multilib --with-multilib-list=m32,m64 --disable-altivec --disable-fixed-point --enable-targets=all --disable-libgcj --enable-libgomp --disable-libmudflap --disable-libssp --disable-libcilkrts --enable-vtable-verify --enable-libvtv --enable-lto --without-cloog --enable-libsanitizer]
  ignore line: [Thread model: posix]
  ignore line: [gcc version 4.9.4 (Gentoo 4.9.4 p1.0, pie-0.6.4) ]
  ignore line: [COMPILER_PATH=/usr/libexec/gcc/x86_64-pc-linux-gnu/4.9.4/:/usr/libexec/gcc/x86_64-pc-linux-gnu/4.9.4/:/usr/libexec/gcc/x86_64-pc-linux-gnu/:/usr/lib/gcc/x86_64-pc-linux-gnu/4.9.4/:/usr/lib/gcc/x86_64-pc-linux-gnu/:/usr/lib/gcc/x86_64-pc-linux-gnu/4.9.4/../../../../x86_64-pc-linux-gnu/bin/]
  ignore line: [LIBRARY_PATH=/usr/lib/gcc/x86_64-pc-linux-gnu/4.9.4/:/usr/lib/gcc/x86_64-pc-linux-gnu/4.9.4/../../../../lib64/:/lib/../lib64/:/usr/lib/../lib64/:/usr/lib/gcc/x86_64-pc-linux-gnu/4.9.4/../../../../x86_64-pc-linux-gnu/lib/:/usr/lib/gcc/x86_64-pc-linux-gnu/4.9.4/../../../:/lib/:/usr/lib/]
  ignore line: [COLLECT_GCC_OPTIONS='-v' '-o' 'cmTC_88425' '-rdynamic' '-shared-libgcc' '-mtune=generic' '-march=x86-64']
  link line: [ /usr/libexec/gcc/x86_64-pc-linux-gnu/4.9.4/collect2 -plugin /usr/libexec/gcc/x86_64-pc-linux-gnu/4.9.4/liblto_plugin.so -plugin-opt=/usr/libexec/gcc/x86_64-pc-linux-gnu/4.9.4/lto-wrapper -plugin-opt=-fresolution=/tmp/cc1cOV0b.res -plugin-opt=-pass-through=-lgcc_s -plugin-opt=-pass-through=-lgcc -plugin-opt=-pass-through=-lc -plugin-opt=-pass-through=-lgcc_s -plugin-opt=-pass-through=-lgcc --eh-frame-hdr -m elf_x86_64 -export-dynamic -dynamic-linker /lib64/ld-linux-x86-64.so.2 -o cmTC_88425 /usr/lib/gcc/x86_64-pc-linux-gnu/4.9.4/../../../../lib64/crt1.o /usr/lib/gcc/x86_64-pc-linux-gnu/4.9.4/../../../../lib64/crti.o /usr/lib/gcc/x86_64-pc-linux-gnu/4.9.4/crtbegin.o -L/usr/lib/gcc/x86_64-pc-linux-gnu/4.9.4 -L/usr/lib/gcc/x86_64-pc-linux-gnu/4.9.4/../../../../lib64 -L/lib/../lib64 -L/usr/lib/../lib64 -L/usr/lib/gcc/x86_64-pc-linux-gnu/4.9.4/../../../../x86_64-pc-linux-gnu/lib -L/usr/lib/gcc/x86_64-pc-linux-gnu/4.9.4/../../.. CMakeFiles/cmTC_88425.dir/CMakeCXXCompilerABI.cpp.o -lstdc++ -lm -lgcc_s -lgcc -lc -lgcc_s -lgcc /usr/lib/gcc/x86_64-pc-linux-gnu/4.9.4/crtend.o /usr/lib/gcc/x86_64-pc-linux-gnu/4.9.4/../../../../lib64/crtn.o]
    arg [/usr/libexec/gcc/x86_64-pc-linux-gnu/4.9.4/collect2] ==> ignore
    arg [-plugin] ==> ignore
    arg [/usr/libexec/gcc/x86_64-pc-linux-gnu/4.9.4/liblto_plugin.so] ==> ignore
    arg [-plugin-opt=/usr/libexec/gcc/x86_64-pc-linux-gnu/4.9.4/lto-wrapper] ==> ignore
    arg [-plugin-opt=-fresolution=/tmp/cc1cOV0b.res] ==> ignore
    arg [-plugin-opt=-pass-through=-lgcc_s] ==> ignore
    arg [-plugin-opt=-pass-through=-lgcc] ==> ignore
    arg [-plugin-opt=-pass-through=-lc] ==> ignore
    arg [-plugin-opt=-pass-through=-lgcc_s] ==> ignore
    arg [-plugin-opt=-pass-through=-lgcc] ==> ignore
    arg [--eh-frame-hdr] ==> ignore
    arg [-m] ==> ignore
    arg [elf_x86_64] ==> ignore
    arg [-export-dynamic] ==> ignore
    arg [-dynamic-linker] ==> ignore
    arg [/lib64/ld-linux-x86-64.so.2] ==> ignore
    arg [-o] ==> ignore
    arg [cmTC_88425] ==> ignore
    arg [/usr/lib/gcc/x86_64-pc-linux-gnu/4.9.4/../../../../lib64/crt1.o] ==> ignore
    arg [/usr/lib/gcc/x86_64-pc-linux-gnu/4.9.4/../../../../lib64/crti.o] ==> ignore
    arg [/usr/lib/gcc/x86_64-pc-linux-gnu/4.9.4/crtbegin.o] ==> ignore
    arg [-L/usr/lib/gcc/x86_64-pc-linux-gnu/4.9.4] ==> dir [/usr/lib/gcc/x86_64-pc-linux-gnu/4.9.4]
    arg [-L/usr/lib/gcc/x86_64-pc-linux-gnu/4.9.4/../../../../lib64] ==> dir [/usr/lib/gcc/x86_64-pc-linux-gnu/4.9.4/../../../../lib64]
    arg [-L/lib/../lib64] ==> dir [/lib/../lib64]
    arg [-L/usr/lib/../lib64] ==> dir [/usr/lib/../lib64]
    arg [-L/usr/lib/gcc/x86_64-pc-linux-gnu/4.9.4/../../../../x86_64-pc-linux-gnu/lib] ==> dir [/usr/lib/gcc/x86_64-pc-linux-gnu/4.9.4/../../../../x86_64-pc-linux-gnu/lib]
    arg [-L/usr/lib/gcc/x86_64-pc-linux-gnu/4.9.4/../../..] ==> dir [/usr/lib/gcc/x86_64-pc-linux-gnu/4.9.4/../../..]
    arg [CMakeFiles/cmTC_88425.dir/CMakeCXXCompilerABI.cpp.o] ==> ignore
    arg [-lstdc++] ==> lib [stdc++]
    arg [-lm] ==> lib [m]
    arg [-lgcc_s] ==> lib [gcc_s]
    arg [-lgcc] ==> lib [gcc]
    arg [-lc] ==> lib [c]
    arg [-lgcc_s] ==> lib [gcc_s]
    arg [-lgcc] ==> lib [gcc]
    arg [/usr/lib/gcc/x86_64-pc-linux-gnu/4.9.4/crtend.o] ==> ignore
    arg [/usr/lib/gcc/x86_64-pc-linux-gnu/4.9.4/../../../../lib64/crtn.o] ==> ignore
  remove lib [gcc_s]
  remove lib [gcc]
  remove lib [gcc_s]
  remove lib [gcc]
  collapse library dir [/usr/lib/gcc/x86_64-pc-linux-gnu/4.9.4] ==> [/usr/lib/gcc/x86_64-pc-linux-gnu/4.9.4]
  collapse library dir [/usr/lib/gcc/x86_64-pc-linux-gnu/4.9.4/../../../../lib64] ==> [/usr/lib64]
  collapse library dir [/lib/../lib64] ==> [/lib64]
  collapse library dir [/usr/lib/../lib64] ==> [/usr/lib64]
  collapse library dir [/usr/lib/gcc/x86_64-pc-linux-gnu/4.9.4/../../../../x86_64-pc-linux-gnu/lib] ==> [/usr/x86_64-pc-linux-gnu/lib]
  collapse library dir [/usr/lib/gcc/x86_64-pc-linux-gnu/4.9.4/../../..] ==> [/usr/lib]
  implicit libs: [stdc++;m;c]
  implicit dirs: [/usr/lib/gcc/x86_64-pc-linux-gnu/4.9.4;/usr/lib64;/lib64;/usr/x86_64-pc-linux-gnu/lib;/usr/lib]
  implicit fwks: []




Detecting CXX [-std=c++14] compiler features compiled with the following output:
Change Dir: /root/dev/freeDiameter/fDbuild/CMakeFiles/CMakeTmp

Run Build Command:"/usr/bin/gmake" "cmTC_a8ab0/fast"
/usr/bin/gmake -f CMakeFiles/cmTC_a8ab0.dir/build.make CMakeFiles/cmTC_a8ab0.dir/build
gmake[1]: Entering directory '/root/dev/freeDiameter/fDbuild/CMakeFiles/CMakeTmp'
Building CXX object CMakeFiles/cmTC_a8ab0.dir/feature_tests.cxx.o
/usr/bin/c++     -std=c++14 -o CMakeFiles/cmTC_a8ab0.dir/feature_tests.cxx.o -c /root/dev/freeDiameter/fDbuild/CMakeFiles/feature_tests.cxx
Linking CXX executable cmTC_a8ab0
/usr/bin/cmake -E cmake_link_script CMakeFiles/cmTC_a8ab0.dir/link.txt --verbose=1
/usr/bin/c++        CMakeFiles/cmTC_a8ab0.dir/feature_tests.cxx.o  -o cmTC_a8ab0 -rdynamic 
gmake[1]: Leaving directory '/root/dev/freeDiameter/fDbuild/CMakeFiles/CMakeTmp'


    Feature record: CXX_FEATURE:0cxx_aggregate_default_initializers
    Feature record: CXX_FEATURE:1cxx_alias_templates
    Feature record: CXX_FEATURE:1cxx_alignas
    Feature record: CXX_FEATURE:1cxx_alignof
    Feature record: CXX_FEATURE:1cxx_attributes
    Feature record: CXX_FEATURE:1cxx_attribute_deprecated
    Feature record: CXX_FEATURE:1cxx_auto_type
    Feature record: CXX_FEATURE:1cxx_binary_literals
    Feature record: CXX_FEATURE:1cxx_constexpr
    Feature record: CXX_FEATURE:1cxx_contextual_conversions
    Feature record: CXX_FEATURE:1cxx_decltype
    Feature record: CXX_FEATURE:1cxx_decltype_auto
    Feature record: CXX_FEATURE:1cxx_decltype_incomplete_return_types
    Feature record: CXX_FEATURE:1cxx_default_function_template_args
    Feature record: CXX_FEATURE:1cxx_defaulted_functions
    Feature record: CXX_FEATURE:1cxx_defaulted_move_initializers
    Feature record: CXX_FEATURE:1cxx_delegating_constructors
    Feature record: CXX_FEATURE:1cxx_deleted_functions
    Feature record: CXX_FEATURE:1cxx_digit_separators
    Feature record: CXX_FEATURE:1cxx_enum_forward_declarations
    Feature record: CXX_FEATURE:1cxx_explicit_conversions
    Feature record: CXX_FEATURE:1cxx_extended_friend_declarations
    Feature record: CXX_FEATURE:1cxx_extern_templates
    Feature record: CXX_FEATURE:1cxx_final
    Feature record: CXX_FEATURE:1cxx_func_identifier
    Feature record: CXX_FEATURE:1cxx_generalized_initializers
    Feature record: CXX_FEATURE:1cxx_generic_lambdas
    Feature record: CXX_FEATURE:1cxx_inheriting_constructors
    Feature record: CXX_FEATURE:1cxx_inline_namespaces
    Feature record: CXX_FEATURE:1cxx_lambdas
    Feature record: CXX_FEATURE:1cxx_lambda_init_captures
    Feature record: CXX_FEATURE:1cxx_local_type_template_args
    Feature record: CXX_FEATURE:1cxx_long_long_type
    Feature record: CXX_FEATURE:1cxx_noexcept
    Feature record: CXX_FEATURE:1cxx_nonstatic_member_init
    Feature record: CXX_FEATURE:1cxx_nullptr
    Feature record: CXX_FEATURE:1cxx_override
    Feature record: CXX_FEATURE:1cxx_range_for
    Feature record: CXX_FEATURE:1cxx_raw_string_literals
    Feature record: CXX_FEATURE:1cxx_reference_qualified_functions
    Feature record: CXX_FEATURE:0cxx_relaxed_constexpr
    Feature record: CXX_FEATURE:1cxx_return_type_deduction
    Feature record: CXX_FEATURE:1cxx_right_angle_brackets
    Feature record: CXX_FEATURE:1cxx_rvalue_references
    Feature record: CXX_FEATURE:1cxx_sizeof_member
    Feature record: CXX_FEATURE:1cxx_static_assert
    Feature record: CXX_FEATURE:1cxx_strong_enums
    Feature record: CXX_FEATURE:1cxx_template_template_parameters
    Feature record: CXX_FEATURE:1cxx_thread_local
    Feature record: CXX_FEATURE:1cxx_trailing_return_types
    Feature record: CXX_FEATURE:1cxx_unicode_literals
    Feature record: CXX_FEATURE:1cxx_uniform_initialization
    Feature record: CXX_FEATURE:1cxx_unrestricted_unions
    Feature record: CXX_FEATURE:1cxx_user_literals
    Feature record: CXX_FEATURE:0cxx_variable_templates
    Feature record: CXX_FEATURE:1cxx_variadic_macros
    Feature record: CXX_FEATURE:1cxx_variadic_templates


Detecting CXX [-std=c++11] compiler features compiled with the following output:
Change Dir: /root/dev/freeDiameter/fDbuild/CMakeFiles/CMakeTmp

Run Build Command:"/usr/bin/gmake" "cmTC_18c46/fast"
/usr/bin/gmake -f CMakeFiles/cmTC_18c46.dir/build.make CMakeFiles/cmTC_18c46.dir/build
gmake[1]: Entering directory '/root/dev/freeDiameter/fDbuild/CMakeFiles/CMakeTmp'
Building CXX object CMakeFiles/cmTC_18c46.dir/feature_tests.cxx.o
/usr/bin/c++     -std=c++11 -o CMakeFiles/cmTC_18c46.dir/feature_tests.cxx.o -c /root/dev/freeDiameter/fDbuild/CMakeFiles/feature_tests.cxx
Linking CXX executable cmTC_18c46
/usr/bin/cmake -E cmake_link_script CMakeFiles/cmTC_18c46.dir/link.txt --verbose=1
/usr/bin/c++        CMakeFiles/cmTC_18c46.dir/feature_tests.cxx.o  -o cmTC_18c46 -rdynamic 
gmake[1]: Leaving directory '/root/dev/freeDiameter/fDbuild/CMakeFiles/CMakeTmp'


    Feature record: CXX_FEATURE:0cxx_aggregate_default_initializers
    Feature record: CXX_FEATURE:1cxx_alias_templates
    Feature record: CXX_FEATURE:1cxx_alignas
    Feature record: CXX_FEATURE:1cxx_alignof
    Feature record: CXX_FEATURE:1cxx_attributes
    Feature record: CXX_FEATURE:0cxx_attribute_deprecated
    Feature record: CXX_FEATURE:1cxx_auto_type
    Feature record: CXX_FEATURE:0cxx_binary_literals
    Feature record: CXX_FEATURE:1cxx_constexpr
    Feature record: CXX_FEATURE:0cxx_contextual_conversions
    Feature record: CXX_FEATURE:1cxx_decltype
    Feature record: CXX_FEATURE:0cxx_decltype_auto
    Feature record: CXX_FEATURE:1cxx_decltype_incomplete_return_types
    Feature record: CXX_FEATURE:1cxx_default_function_template_args
    Feature record: CXX_FEATURE:1cxx_defaulted_functions
    Feature record: CXX_FEATURE:1cxx_defaulted_move_initializers
    Feature record: CXX_FEATURE:1cxx_delegating_constructors
    Feature record: CXX_FEATURE:1cxx_deleted_functions
    Feature record: CXX_FEATURE:0cxx_digit_separators
    Feature record: CXX_FEATURE:1cxx_enum_forward_declarations
    Feature record: CXX_FEATURE:1cxx_explicit_conversions
    Feature record: CXX_FEATURE:1cxx_extended_friend_declarations
    Feature record: CXX_FEATURE:1cxx_extern_templates
    Feature record: CXX_FEATURE:1cxx_final
    Feature record: CXX_FEATURE:1cxx_func_identifier
    Feature record: CXX_FEATURE:1cxx_generalized_initializers
    Feature record: CXX_FEATURE:0cxx_generic_lambdas
    Feature record: CXX_FEATURE:1cxx_inheriting_constructors
    Feature record: CXX_FEATURE:1cxx_inline_namespaces
    Feature record: CXX_FEATURE:1cxx_lambdas
    Feature record: CXX_FEATURE:0cxx_lambda_init_captures
    Feature record: CXX_FEATURE:1cxx_local_type_template_args
    Feature record: CXX_FEATURE:1cxx_long_long_type
    Feature record: CXX_FEATURE:1cxx_noexcept
    Feature record: CXX_FEATURE:1cxx_nonstatic_member_init
    Feature record: CXX_FEATURE:1cxx_nullptr
    Feature record: CXX_FEATURE:1cxx_override
    Feature record: CXX_FEATURE:1cxx_range_for
    Feature record: CXX_FEATURE:1cxx_raw_string_literals
    Feature record: CXX_FEATURE:1cxx_reference_qualified_functions
    Feature record: CXX_FEATURE:0cxx_relaxed_constexpr
    Feature record: CXX_FEATURE:0cxx_return_type_deduction
    Feature record: CXX_FEATURE:1cxx_right_angle_brackets
    Feature record: CXX_FEATURE:1cxx_rvalue_references
    Feature record: CXX_FEATURE:1cxx_sizeof_member
    Feature record: CXX_FEATURE:1cxx_static_assert
    Feature record: CXX_FEATURE:1cxx_strong_enums
    Feature record: CXX_FEATURE:1cxx_template_template_parameters
    Feature record: CXX_FEATURE:1cxx_thread_local
    Feature record: CXX_FEATURE:1cxx_trailing_return_types
    Feature record: CXX_FEATURE:1cxx_unicode_literals
    Feature record: CXX_FEATURE:1cxx_uniform_initialization
    Feature record: CXX_FEATURE:1cxx_unrestricted_unions
    Feature record: CXX_FEATURE:1cxx_user_literals
    Feature record: CXX_FEATURE:0cxx_variable_templates
    Feature record: CXX_FEATURE:1cxx_variadic_macros
    Feature record: CXX_FEATURE:1cxx_variadic_templates


Detecting CXX [-std=c++98] compiler features compiled with the following output:
Change Dir: /root/dev/freeDiameter/fDbuild/CMakeFiles/CMakeTmp

Run Build Command:"/usr/bin/gmake" "cmTC_5dd10/fast"
/usr/bin/gmake -f CMakeFiles/cmTC_5dd10.dir/build.make CMakeFiles/cmTC_5dd10.dir/build
gmake[1]: Entering directory '/root/dev/freeDiameter/fDbuild/CMakeFiles/CMakeTmp'
Building CXX object CMakeFiles/cmTC_5dd10.dir/feature_tests.cxx.o
/usr/bin/c++     -std=c++98 -o CMakeFiles/cmTC_5dd10.dir/feature_tests.cxx.o -c /root/dev/freeDiameter/fDbuild/CMakeFiles/feature_tests.cxx
Linking CXX executable cmTC_5dd10
/usr/bin/cmake -E cmake_link_script CMakeFiles/cmTC_5dd10.dir/link.txt --verbose=1
/usr/bin/c++        CMakeFiles/cmTC_5dd10.dir/feature_tests.cxx.o  -o cmTC_5dd10 -rdynamic 
gmake[1]: Leaving directory '/root/dev/freeDiameter/fDbuild/CMakeFiles/CMakeTmp'


    Feature record: CXX_FEATURE:0cxx_aggregate_default_initializers
    Feature record: CXX_FEATURE:0cxx_alias_templates
    Feature record: CXX_FEATURE:0cxx_alignas
    Feature record: CXX_FEATURE:0cxx_alignof
    Feature record: CXX_FEATURE:0cxx_attributes
    Feature record: CXX_FEATURE:0cxx_attribute_deprecated
    Feature record: CXX_FEATURE:0cxx_auto_type
    Feature record: CXX_FEATURE:0cxx_binary_literals
    Feature record: CXX_FEATURE:0cxx_constexpr
    Feature record: CXX_FEATURE:0cxx_contextual_conversions
    Feature record: CXX_FEATURE:0cxx_decltype
    Feature record: CXX_FEATURE:0cxx_decltype_auto
    Feature record: CXX_FEATURE:0cxx_decltype_incomplete_return_types
    Feature record: CXX_FEATURE:0cxx_default_function_template_args
    Feature record: CXX_FEATURE:0cxx_defaulted_functions
    Feature record: CXX_FEATURE:0cxx_defaulted_move_initializers
    Feature record: CXX_FEATURE:0cxx_delegating_constructors
    Feature record: CXX_FEATURE:0cxx_deleted_functions
    Feature record: CXX_FEATURE:0cxx_digit_separators
    Feature record: CXX_FEATURE:0cxx_enum_forward_declarations
    Feature record: CXX_FEATURE:0cxx_explicit_conversions
    Feature record: CXX_FEATURE:0cxx_extended_friend_declarations
    Feature record: CXX_FEATURE:0cxx_extern_templates
    Feature record: CXX_FEATURE:0cxx_final
    Feature record: CXX_FEATURE:0cxx_func_identifier
    Feature record: CXX_FEATURE:0cxx_generalized_initializers
    Feature record: CXX_FEATURE:0cxx_generic_lambdas
    Feature record: CXX_FEATURE:0cxx_inheriting_constructors
    Feature record: CXX_FEATURE:0cxx_inline_namespaces
    Feature record: CXX_FEATURE:0cxx_lambdas
    Feature record: CXX_FEATURE:0cxx_lambda_init_captures
    Feature record: CXX_FEATURE:0cxx_local_type_template_args
    Feature record: CXX_FEATURE:0cxx_long_long_type
    Feature record: CXX_FEATURE:0cxx_noexcept
    Feature record: CXX_FEATURE:0cxx_nonstatic_member_init
    Feature record: CXX_FEATURE:0cxx_nullptr
    Feature record: CXX_FEATURE:0cxx_override
    Feature record: CXX_FEATURE:0cxx_range_for
    Feature record: CXX_FEATURE:0cxx_raw_string_literals
    Feature record: CXX_FEATURE:0cxx_reference_qualified_functions
    Feature record: CXX_FEATURE:0cxx_relaxed_constexpr
    Feature record: CXX_FEATURE:0cxx_return_type_deduction
    Feature record: CXX_FEATURE:0cxx_right_angle_brackets
    Feature record: CXX_FEATURE:0cxx_rvalue_references
    Feature record: CXX_FEATURE:0cxx_sizeof_member
    Feature record: CXX_FEATURE:0cxx_static_assert
    Feature record: CXX_FEATURE:0cxx_strong_enums
    Feature record: CXX_FEATURE:1cxx_template_template_parameters
    Feature record: CXX_FEATURE:0cxx_thread_local
    Feature record: CXX_FEATURE:0cxx_trailing_return_types
    Feature record: CXX_FEATURE:0cxx_unicode_literals
    Feature record: CXX_FEATURE:0cxx_uniform_initialization
    Feature record: CXX_FEATURE:0cxx_unrestricted_unions
    Feature record: CXX_FEATURE:0cxx_user_literals
    Feature record: CXX_FEATURE:0cxx_variable_templates
    Feature record: CXX_FEATURE:0cxx_variadic_macros
    Feature record: CXX_FEATURE:0cxx_variadic_templates
Determining if the function getopt_long exists passed with the following output:
Change Dir: /root/dev/freeDiameter/fDbuild/CMakeFiles/CMakeTmp

Run Build Command:"/usr/bin/gmake" "cmTC_896d3/fast"
/usr/bin/gmake -f CMakeFiles/cmTC_896d3.dir/build.make CMakeFiles/cmTC_896d3.dir/build
gmake[1]: Entering directory '/root/dev/freeDiameter/fDbuild/CMakeFiles/CMakeTmp'
Building C object CMakeFiles/cmTC_896d3.dir/CheckFunctionExists.c.o
/usr/bin/cc    -DCHECK_FUNCTION_EXISTS=getopt_long   -o CMakeFiles/cmTC_896d3.dir/CheckFunctionExists.c.o   -c /usr/share/cmake/Modules/CheckFunctionExists.c
Linking C executable cmTC_896d3
/usr/bin/cmake -E cmake_link_script CMakeFiles/cmTC_896d3.dir/link.txt --verbose=1
/usr/bin/cc   -DCHECK_FUNCTION_EXISTS=getopt_long    CMakeFiles/cmTC_896d3.dir/CheckFunctionExists.c.o  -o cmTC_896d3 -rdynamic 
gmake[1]: Leaving directory '/root/dev/freeDiameter/fDbuild/CMakeFiles/CMakeTmp'


Determining if the function getifaddrs exists passed with the following output:
Change Dir: /root/dev/freeDiameter/fDbuild/CMakeFiles/CMakeTmp

Run Build Command:"/usr/bin/gmake" "cmTC_d116c/fast"
/usr/bin/gmake -f CMakeFiles/cmTC_d116c.dir/build.make CMakeFiles/cmTC_d116c.dir/build
gmake[1]: Entering directory '/root/dev/freeDiameter/fDbuild/CMakeFiles/CMakeTmp'
Building C object CMakeFiles/cmTC_d116c.dir/CheckFunctionExists.c.o
/usr/bin/cc    -DCHECK_FUNCTION_EXISTS=getifaddrs   -o CMakeFiles/cmTC_d116c.dir/CheckFunctionExists.c.o   -c /usr/share/cmake/Modules/CheckFunctionExists.c
Linking C executable cmTC_d116c
/usr/bin/cmake -E cmake_link_script CMakeFiles/cmTC_d116c.dir/link.txt --verbose=1
/usr/bin/cc   -DCHECK_FUNCTION_EXISTS=getifaddrs    CMakeFiles/cmTC_d116c.dir/CheckFunctionExists.c.o  -o cmTC_d116c -rdynamic 
gmake[1]: Leaving directory '/root/dev/freeDiameter/fDbuild/CMakeFiles/CMakeTmp'


Determining if the include file sys/types.h exists passed with the following output:
Change Dir: /root/dev/freeDiameter/fDbuild/CMakeFiles/CMakeTmp

Run Build Command:"/usr/bin/gmake" "cmTC_12872/fast"
/usr/bin/gmake -f CMakeFiles/cmTC_12872.dir/build.make CMakeFiles/cmTC_12872.dir/build
gmake[1]: Entering directory '/root/dev/freeDiameter/fDbuild/CMakeFiles/CMakeTmp'
Building C object CMakeFiles/cmTC_12872.dir/CheckIncludeFile.c.o
/usr/bin/cc     -o CMakeFiles/cmTC_12872.dir/CheckIncludeFile.c.o   -c /root/dev/freeDiameter/fDbuild/CMakeFiles/CMakeTmp/CheckIncludeFile.c
Linking C executable cmTC_12872
/usr/bin/cmake -E cmake_link_script CMakeFiles/cmTC_12872.dir/link.txt --verbose=1
/usr/bin/cc       CMakeFiles/cmTC_12872.dir/CheckIncludeFile.c.o  -o cmTC_12872 -rdynamic 
gmake[1]: Leaving directory '/root/dev/freeDiameter/fDbuild/CMakeFiles/CMakeTmp'


Determining if the include file stdint.h exists passed with the following output:
Change Dir: /root/dev/freeDiameter/fDbuild/CMakeFiles/CMakeTmp

Run Build Command:"/usr/bin/gmake" "cmTC_c3e69/fast"
/usr/bin/gmake -f CMakeFiles/cmTC_c3e69.dir/build.make CMakeFiles/cmTC_c3e69.dir/build
gmake[1]: Entering directory '/root/dev/freeDiameter/fDbuild/CMakeFiles/CMakeTmp'
Building C object CMakeFiles/cmTC_c3e69.dir/CheckIncludeFile.c.o
/usr/bin/cc     -o CMakeFiles/cmTC_c3e69.dir/CheckIncludeFile.c.o   -c /root/dev/freeDiameter/fDbuild/CMakeFiles/CMakeTmp/CheckIncludeFile.c
Linking C executable cmTC_c3e69
/usr/bin/cmake -E cmake_link_script CMakeFiles/cmTC_c3e69.dir/link.txt --verbose=1
/usr/bin/cc       CMakeFiles/cmTC_c3e69.dir/CheckIncludeFile.c.o  -o cmTC_c3e69 -rdynamic 
gmake[1]: Leaving directory '/root/dev/freeDiameter/fDbuild/CMakeFiles/CMakeTmp'


Determining if the include file stddef.h exists passed with the following output:
Change Dir: /root/dev/freeDiameter/fDbuild/CMakeFiles/CMakeTmp

Run Build Command:"/usr/bin/gmake" "cmTC_9b809/fast"
/usr/bin/gmake -f CMakeFiles/cmTC_9b809.dir/build.make CMakeFiles/cmTC_9b809.dir/build
gmake[1]: Entering directory '/root/dev/freeDiameter/fDbuild/CMakeFiles/CMakeTmp'
Building C object CMakeFiles/cmTC_9b809.dir/CheckIncludeFile.c.o
/usr/bin/cc     -o CMakeFiles/cmTC_9b809.dir/CheckIncludeFile.c.o   -c /root/dev/freeDiameter/fDbuild/CMakeFiles/CMakeTmp/CheckIncludeFile.c
Linking C executable cmTC_9b809
/usr/bin/cmake -E cmake_link_script CMakeFiles/cmTC_9b809.dir/link.txt --verbose=1
/usr/bin/cc       CMakeFiles/cmTC_9b809.dir/CheckIncludeFile.c.o  -o cmTC_9b809 -rdynamic 
gmake[1]: Leaving directory '/root/dev/freeDiameter/fDbuild/CMakeFiles/CMakeTmp'


Determining size of unsigned short passed with the following output:
Change Dir: /root/dev/freeDiameter/fDbuild/CMakeFiles/CMakeTmp

Run Build Command:"/usr/bin/gmake" "cmTC_d7829/fast"
/usr/bin/gmake -f CMakeFiles/cmTC_d7829.dir/build.make CMakeFiles/cmTC_d7829.dir/build
gmake[1]: Entering directory '/root/dev/freeDiameter/fDbuild/CMakeFiles/CMakeTmp'
Building C object CMakeFiles/cmTC_d7829.dir/CMAKE_SIZEOF_UNSIGNED_SHORT.c.o
/usr/bin/cc     -o CMakeFiles/cmTC_d7829.dir/CMAKE_SIZEOF_UNSIGNED_SHORT.c.o   -c /root/dev/freeDiameter/fDbuild/CMakeFiles/CheckTypeSize/CMAKE_SIZEOF_UNSIGNED_SHORT.c
Linking C executable cmTC_d7829
/usr/bin/cmake -E cmake_link_script CMakeFiles/cmTC_d7829.dir/link.txt --verbose=1
/usr/bin/cc       CMakeFiles/cmTC_d7829.dir/CMAKE_SIZEOF_UNSIGNED_SHORT.c.o  -o cmTC_d7829 -rdynamic 
gmake[1]: Leaving directory '/root/dev/freeDiameter/fDbuild/CMakeFiles/CMakeTmp'


Determining if the system is big endian passed with the following output:
Change Dir: /root/dev/freeDiameter/fDbuild/CMakeFiles/CMakeTmp

Run Build Command:"/usr/bin/gmake" "cmTC_960f7/fast"
/usr/bin/gmake -f CMakeFiles/cmTC_960f7.dir/build.make CMakeFiles/cmTC_960f7.dir/build
gmake[1]: Entering directory '/root/dev/freeDiameter/fDbuild/CMakeFiles/CMakeTmp'
Building C object CMakeFiles/cmTC_960f7.dir/TestEndianess.c.o
/usr/bin/cc     -o CMakeFiles/cmTC_960f7.dir/TestEndianess.c.o   -c /root/dev/freeDiameter/fDbuild/CMakeFiles/CMakeTmp/TestEndianess.c
Linking C executable cmTC_960f7
/usr/bin/cmake -E cmake_link_script CMakeFiles/cmTC_960f7.dir/link.txt --verbose=1
/usr/bin/cc       CMakeFiles/cmTC_960f7.dir/TestEndianess.c.o  -o cmTC_960f7 -rdynamic 
gmake[1]: Leaving directory '/root/dev/freeDiameter/fDbuild/CMakeFiles/CMakeTmp'

TestEndianess.c:
/* A 16 bit integer is required. */
typedef unsigned short cmakeint16;

/* On a little endian machine, these 16bit ints will give "THIS IS LITTLE ENDIAN."
   On a big endian machine the characters will be exchanged pairwise. */
const cmakeint16 info_little[] =  {0x4854, 0x5349, 0x4920, 0x2053, 0x494c, 0x5454, 0x454c, 0x4520, 0x444e, 0x4149, 0x2e4e, 0x0000};

/* on a big endian machine, these 16bit ints will give "THIS IS BIG ENDIAN."
   On a little endian machine the characters will be exchanged pairwise. */
const cmakeint16 info_big[] =     {0x5448, 0x4953, 0x2049, 0x5320, 0x4249, 0x4720, 0x454e, 0x4449, 0x414e, 0x2e2e, 0x0000};

#ifdef __CLASSIC_C__
int main(argc, argv) int argc; char *argv[];
#else
int main(int argc, char *argv[])
#endif
{
  int require = 0;
  require += info_little[argc];
  require += info_big[argc];
  (void)argv;
  return require;
}


Determining if files malloc.h exist passed with the following output:
Change Dir: /root/dev/freeDiameter/fDbuild/CMakeFiles/CMakeTmp

Run Build Command:"/usr/bin/gmake" "cmTC_c4f4d/fast"
/usr/bin/gmake -f CMakeFiles/cmTC_c4f4d.dir/build.make CMakeFiles/cmTC_c4f4d.dir/build
gmake[1]: Entering directory '/root/dev/freeDiameter/fDbuild/CMakeFiles/CMakeTmp'
Building C object CMakeFiles/cmTC_c4f4d.dir/CheckIncludeFiles.c.o
/usr/bin/cc     -o CMakeFiles/cmTC_c4f4d.dir/CheckIncludeFiles.c.o   -c /root/dev/freeDiameter/fDbuild/CMakeFiles/CMakeTmp/CheckIncludeFiles.c
Linking C executable cmTC_c4f4d
/usr/bin/cmake -E cmake_link_script CMakeFiles/cmTC_c4f4d.dir/link.txt --verbose=1
/usr/bin/cc       CMakeFiles/cmTC_c4f4d.dir/CheckIncludeFiles.c.o  -o cmTC_c4f4d -rdynamic 
gmake[1]: Leaving directory '/root/dev/freeDiameter/fDbuild/CMakeFiles/CMakeTmp'


Determining if the function strndup exists passed with the following output:
Change Dir: /root/dev/freeDiameter/fDbuild/CMakeFiles/CMakeTmp

Run Build Command:"/usr/bin/gmake" "cmTC_92b83/fast"
/usr/bin/gmake -f CMakeFiles/cmTC_92b83.dir/build.make CMakeFiles/cmTC_92b83.dir/build
gmake[1]: Entering directory '/root/dev/freeDiameter/fDbuild/CMakeFiles/CMakeTmp'
Building C object CMakeFiles/cmTC_92b83.dir/CheckFunctionExists.c.o
/usr/bin/cc    -DCHECK_FUNCTION_EXISTS=strndup   -o CMakeFiles/cmTC_92b83.dir/CheckFunctionExists.c.o   -c /usr/share/cmake/Modules/CheckFunctionExists.c
<command-line>:0:23: warning: conflicting types for built-in function ‘strndup’
/usr/share/cmake/Modules/CheckFunctionExists.c:7:3: note: in expansion of macro ‘CHECK_FUNCTION_EXISTS’
   CHECK_FUNCTION_EXISTS();
   ^
Linking C executable cmTC_92b83
/usr/bin/cmake -E cmake_link_script CMakeFiles/cmTC_92b83.dir/link.txt --verbose=1
/usr/bin/cc   -DCHECK_FUNCTION_EXISTS=strndup    CMakeFiles/cmTC_92b83.dir/CheckFunctionExists.c.o  -o cmTC_92b83 -rdynamic 
gmake[1]: Leaving directory '/root/dev/freeDiameter/fDbuild/CMakeFiles/CMakeTmp'


Determining if the include file pthread.h exists passed with the following output:
Change Dir: /root/dev/freeDiameter/fDbuild/CMakeFiles/CMakeTmp

Run Build Command:"/usr/bin/gmake" "cmTC_28504/fast"
/usr/bin/gmake -f CMakeFiles/cmTC_28504.dir/build.make CMakeFiles/cmTC_28504.dir/build
gmake[1]: Entering directory '/root/dev/freeDiameter/fDbuild/CMakeFiles/CMakeTmp'
Building C object CMakeFiles/cmTC_28504.dir/CheckIncludeFile.c.o
/usr/bin/cc     -o CMakeFiles/cmTC_28504.dir/CheckIncludeFile.c.o   -c /root/dev/freeDiameter/fDbuild/CMakeFiles/CMakeTmp/CheckIncludeFile.c
Linking C executable cmTC_28504
/usr/bin/cmake -E cmake_link_script CMakeFiles/cmTC_28504.dir/link.txt --verbose=1
/usr/bin/cc       CMakeFiles/cmTC_28504.dir/CheckIncludeFile.c.o  -o cmTC_28504 -rdynamic 
gmake[1]: Leaving directory '/root/dev/freeDiameter/fDbuild/CMakeFiles/CMakeTmp'


Determining if the function pthread_create exists in the pthread passed with the following output:
Change Dir: /root/dev/freeDiameter/fDbuild/CMakeFiles/CMakeTmp

Run Build Command:"/usr/bin/gmake" "cmTC_c4349/fast"
/usr/bin/gmake -f CMakeFiles/cmTC_c4349.dir/build.make CMakeFiles/cmTC_c4349.dir/build
gmake[1]: Entering directory '/root/dev/freeDiameter/fDbuild/CMakeFiles/CMakeTmp'
Building C object CMakeFiles/cmTC_c4349.dir/CheckFunctionExists.c.o
/usr/bin/cc    -DCHECK_FUNCTION_EXISTS=pthread_create   -o CMakeFiles/cmTC_c4349.dir/CheckFunctionExists.c.o   -c /usr/share/cmake/Modules/CheckFunctionExists.c
Linking C executable cmTC_c4349
/usr/bin/cmake -E cmake_link_script CMakeFiles/cmTC_c4349.dir/link.txt --verbose=1
/usr/bin/cc   -DCHECK_FUNCTION_EXISTS=pthread_create    CMakeFiles/cmTC_c4349.dir/CheckFunctionExists.c.o  -o cmTC_c4349 -rdynamic -lpthread 
gmake[1]: Leaving directory '/root/dev/freeDiameter/fDbuild/CMakeFiles/CMakeTmp'


Determining if the function clock_gettime exists passed with the following output:
Change Dir: /root/dev/freeDiameter/fDbuild/CMakeFiles/CMakeTmp

Run Build Command:"/usr/bin/gmake" "cmTC_c6f84/fast"
/usr/bin/gmake -f CMakeFiles/cmTC_c6f84.dir/build.make CMakeFiles/cmTC_c6f84.dir/build
gmake[1]: Entering directory '/root/dev/freeDiameter/fDbuild/CMakeFiles/CMakeTmp'
Building C object CMakeFiles/cmTC_c6f84.dir/CheckFunctionExists.c.o
/usr/bin/cc    -DCHECK_FUNCTION_EXISTS=clock_gettime   -o CMakeFiles/cmTC_c6f84.dir/CheckFunctionExists.c.o   -c /usr/share/cmake/Modules/CheckFunctionExists.c
Linking C executable cmTC_c6f84
/usr/bin/cmake -E cmake_link_script CMakeFiles/cmTC_c6f84.dir/link.txt --verbose=1
/usr/bin/cc   -DCHECK_FUNCTION_EXISTS=clock_gettime    CMakeFiles/cmTC_c6f84.dir/CheckFunctionExists.c.o  -o cmTC_c6f84 -rdynamic 
gmake[1]: Leaving directory '/root/dev/freeDiameter/fDbuild/CMakeFiles/CMakeTmp'


Performing C SOURCE FILE Test HAS_IDNA_SUPPORT succeeded with the following output:
Change Dir: /root/dev/freeDiameter/fDbuild/CMakeFiles/CMakeTmp

Run Build Command:"/usr/bin/gmake" "cmTC_5131f/fast"
/usr/bin/gmake -f CMakeFiles/cmTC_5131f.dir/build.make CMakeFiles/cmTC_5131f.dir/build
gmake[1]: Entering directory '/root/dev/freeDiameter/fDbuild/CMakeFiles/CMakeTmp'
Building C object CMakeFiles/cmTC_5131f.dir/src.c.o
/usr/bin/cc    -DHAS_IDNA_SUPPORT   -o CMakeFiles/cmTC_5131f.dir/src.c.o   -c /root/dev/freeDiameter/fDbuild/CMakeFiles/CMakeTmp/src.c
Linking C executable cmTC_5131f
/usr/bin/cmake -E cmake_link_script CMakeFiles/cmTC_5131f.dir/link.txt --verbose=1
/usr/bin/cc   -DHAS_IDNA_SUPPORT    CMakeFiles/cmTC_5131f.dir/src.c.o  -o cmTC_5131f -rdynamic /usr/lib64/libidn.so 
gmake[1]: Leaving directory '/root/dev/freeDiameter/fDbuild/CMakeFiles/CMakeTmp'

Source file was:

		#include <idna.h>
		int main() {
		   return idna_to_ascii_8z(NULL, NULL, 0);
		}
		
Determining if the function gnutls_hash exists in the gnutls passed with the following output:
Change Dir: /root/dev/freeDiameter/fDbuild/CMakeFiles/CMakeTmp

Run Build Command:"/usr/bin/gmake" "cmTC_ba367/fast"
/usr/bin/gmake -f CMakeFiles/cmTC_ba367.dir/build.make CMakeFiles/cmTC_ba367.dir/build
gmake[1]: Entering directory '/root/dev/freeDiameter/fDbuild/CMakeFiles/CMakeTmp'
Building C object CMakeFiles/cmTC_ba367.dir/CheckFunctionExists.c.o
/usr/bin/cc    -DCHECK_FUNCTION_EXISTS=gnutls_hash   -o CMakeFiles/cmTC_ba367.dir/CheckFunctionExists.c.o   -c /usr/share/cmake/Modules/CheckFunctionExists.c
Linking C executable cmTC_ba367
/usr/bin/cmake -E cmake_link_script CMakeFiles/cmTC_ba367.dir/link.txt --verbose=1
/usr/bin/cc   -DCHECK_FUNCTION_EXISTS=gnutls_hash    CMakeFiles/cmTC_ba367.dir/CheckFunctionExists.c.o  -o cmTC_ba367 -rdynamic -lgnutls /usr/lib64/libidn.so 
gmake[1]: Leaving directory '/root/dev/freeDiameter/fDbuild/CMakeFiles/CMakeTmp'


Determining if the function gnutls_transport_set_vec_push_function exists in the gnutls passed with the following output:
Change Dir: /root/dev/freeDiameter/fDbuild/CMakeFiles/CMakeTmp

Run Build Command:"/usr/bin/gmake" "cmTC_3f961/fast"
/usr/bin/gmake -f CMakeFiles/cmTC_3f961.dir/build.make CMakeFiles/cmTC_3f961.dir/build
gmake[1]: Entering directory '/root/dev/freeDiameter/fDbuild/CMakeFiles/CMakeTmp'
Building C object CMakeFiles/cmTC_3f961.dir/CheckFunctionExists.c.o
/usr/bin/cc    -DCHECK_FUNCTION_EXISTS=gnutls_transport_set_vec_push_function   -o CMakeFiles/cmTC_3f961.dir/CheckFunctionExists.c.o   -c /usr/share/cmake/Modules/CheckFunctionExists.c
Linking C executable cmTC_3f961
/usr/bin/cmake -E cmake_link_script CMakeFiles/cmTC_3f961.dir/link.txt --verbose=1
/usr/bin/cc   -DCHECK_FUNCTION_EXISTS=gnutls_transport_set_vec_push_function    CMakeFiles/cmTC_3f961.dir/CheckFunctionExists.c.o  -o cmTC_3f961 -rdynamic -lgnutls /usr/lib64/libidn.so 
gmake[1]: Leaving directory '/root/dev/freeDiameter/fDbuild/CMakeFiles/CMakeTmp'


Determining if the function gnutls_x509_trust_list_verify_crt exists in the gnutls passed with the following output:
Change Dir: /root/dev/freeDiameter/fDbuild/CMakeFiles/CMakeTmp

Run Build Command:"/usr/bin/gmake" "cmTC_24314/fast"
/usr/bin/gmake -f CMakeFiles/cmTC_24314.dir/build.make CMakeFiles/cmTC_24314.dir/build
gmake[1]: Entering directory '/root/dev/freeDiameter/fDbuild/CMakeFiles/CMakeTmp'
Building C object CMakeFiles/cmTC_24314.dir/CheckFunctionExists.c.o
/usr/bin/cc    -DCHECK_FUNCTION_EXISTS=gnutls_x509_trust_list_verify_crt   -o CMakeFiles/cmTC_24314.dir/CheckFunctionExists.c.o   -c /usr/share/cmake/Modules/CheckFunctionExists.c
Linking C executable cmTC_24314
/usr/bin/cmake -E cmake_link_script CMakeFiles/cmTC_24314.dir/link.txt --verbose=1
/usr/bin/cc   -DCHECK_FUNCTION_EXISTS=gnutls_x509_trust_list_verify_crt    CMakeFiles/cmTC_24314.dir/CheckFunctionExists.c.o  -o cmTC_24314 -rdynamic -lgnutls /usr/lib64/libidn.so 
gmake[1]: Leaving directory '/root/dev/freeDiameter/fDbuild/CMakeFiles/CMakeTmp'


Determining if the function gnutls_handshake_set_timeout exists in the gnutls passed with the following output:
Change Dir: /root/dev/freeDiameter/fDbuild/CMakeFiles/CMakeTmp

Run Build Command:"/usr/bin/gmake" "cmTC_1b93a/fast"
/usr/bin/gmake -f CMakeFiles/cmTC_1b93a.dir/build.make CMakeFiles/cmTC_1b93a.dir/build
gmake[1]: Entering directory '/root/dev/freeDiameter/fDbuild/CMakeFiles/CMakeTmp'
Building C object CMakeFiles/cmTC_1b93a.dir/CheckFunctionExists.c.o
/usr/bin/cc    -DCHECK_FUNCTION_EXISTS=gnutls_handshake_set_timeout   -o CMakeFiles/cmTC_1b93a.dir/CheckFunctionExists.c.o   -c /usr/share/cmake/Modules/CheckFunctionExists.c
Linking C executable cmTC_1b93a
/usr/bin/cmake -E cmake_link_script CMakeFiles/cmTC_1b93a.dir/link.txt --verbose=1
/usr/bin/cc   -DCHECK_FUNCTION_EXISTS=gnutls_handshake_set_timeout    CMakeFiles/cmTC_1b93a.dir/CheckFunctionExists.c.o  -o cmTC_1b93a -rdynamic -lgnutls /usr/lib64/libidn.so 
gmake[1]: Leaving directory '/root/dev/freeDiameter/fDbuild/CMakeFiles/CMakeTmp'


Determining if the AI_ADDRCONFIG exist passed with the following output:
Change Dir: /root/dev/freeDiameter/fDbuild/CMakeFiles/CMakeTmp

Run Build Command:"/usr/bin/gmake" "cmTC_47ab0/fast"
/usr/bin/gmake -f CMakeFiles/cmTC_47ab0.dir/build.make CMakeFiles/cmTC_47ab0.dir/build
gmake[1]: Entering directory '/root/dev/freeDiameter/fDbuild/CMakeFiles/CMakeTmp'
Building C object CMakeFiles/cmTC_47ab0.dir/CheckSymbolExists.c.o
/usr/bin/cc     -o CMakeFiles/cmTC_47ab0.dir/CheckSymbolExists.c.o   -c /root/dev/freeDiameter/fDbuild/CMakeFiles/CMakeTmp/CheckSymbolExists.c
Linking C executable cmTC_47ab0
/usr/bin/cmake -E cmake_link_script CMakeFiles/cmTC_47ab0.dir/link.txt --verbose=1
/usr/bin/cc       CMakeFiles/cmTC_47ab0.dir/CheckSymbolExists.c.o  -o cmTC_47ab0 -rdynamic /usr/lib64/libidn.so 
gmake[1]: Leaving directory '/root/dev/freeDiameter/fDbuild/CMakeFiles/CMakeTmp'

File /root/dev/freeDiameter/fDbuild/CMakeFiles/CMakeTmp/CheckSymbolExists.c:
/* */
#include <netdb.h>

int main(int argc, char** argv)
{
  (void)argv;
#ifndef AI_ADDRCONFIG
  return ((int*)(&AI_ADDRCONFIG))[argc];
#else
  (void)argc;
  return 0;
#endif
}

Determining if the function pthread_barrier_wait exists passed with the following output:
Change Dir: /root/dev/freeDiameter/fDbuild/CMakeFiles/CMakeTmp

Run Build Command:"/usr/bin/gmake" "cmTC_b6a16/fast"
/usr/bin/gmake -f CMakeFiles/cmTC_b6a16.dir/build.make CMakeFiles/cmTC_b6a16.dir/build
gmake[1]: Entering directory '/root/dev/freeDiameter/fDbuild/CMakeFiles/CMakeTmp'
Building C object CMakeFiles/cmTC_b6a16.dir/CheckFunctionExists.c.o
/usr/bin/cc   -I/root/dev/freeDiameter/fDbuild/CMakeFiles/CMakeTmp/pthread.h  -DCHECK_FUNCTION_EXISTS=pthread_barrier_wait   -o CMakeFiles/cmTC_b6a16.dir/CheckFunctionExists.c.o   -c /usr/share/cmake/Modules/CheckFunctionExists.c
Linking C executable cmTC_b6a16
/usr/bin/cmake -E cmake_link_script CMakeFiles/cmTC_b6a16.dir/link.txt --verbose=1
/usr/bin/cc   -DCHECK_FUNCTION_EXISTS=pthread_barrier_wait    CMakeFiles/cmTC_b6a16.dir/CheckFunctionExists.c.o  -o cmTC_b6a16 -rdynamic -lpthread 
gmake[1]: Leaving directory '/root/dev/freeDiameter/fDbuild/CMakeFiles/CMakeTmp'


Performing C SOURCE FILE Test HAVE_REG_STARTEND succeeded with the following output:
Change Dir: /root/dev/freeDiameter/fDbuild/CMakeFiles/CMakeTmp

Run Build Command:"/usr/bin/gmake" "cmTC_59ab4/fast"
/usr/bin/gmake -f CMakeFiles/cmTC_59ab4.dir/build.make CMakeFiles/cmTC_59ab4.dir/build
gmake[1]: Entering directory '/root/dev/freeDiameter/fDbuild/CMakeFiles/CMakeTmp'
Building C object CMakeFiles/cmTC_59ab4.dir/src.c.o
/usr/bin/cc    -DHAVE_REG_STARTEND   -o CMakeFiles/cmTC_59ab4.dir/src.c.o   -c /root/dev/freeDiameter/fDbuild/CMakeFiles/CMakeTmp/src.c
Linking C executable cmTC_59ab4
/usr/bin/cmake -E cmake_link_script CMakeFiles/cmTC_59ab4.dir/link.txt --verbose=1
/usr/bin/cc   -DHAVE_REG_STARTEND    CMakeFiles/cmTC_59ab4.dir/src.c.o  -o cmTC_59ab4 -rdynamic 
gmake[1]: Leaving directory '/root/dev/freeDiameter/fDbuild/CMakeFiles/CMakeTmp'

Source file was:

	#include <unistd.h>
	#include <regex.h>
	int main() {
	   return regexec(NULL, NULL, 0, NULL, REG_STARTEND);
	}
	
